TN:
SF:src/swagger.ts
FN:7,loadOpenApiSpec
FN:33,setupSwagger
FN:37,(anonymous_3)
FNF:3
FNH:0
FNDA:0,loadOpenApiSpec
FNDA:0,setupSwagger
FNDA:0,(anonymous_3)
DA:1,0
DA:2,0
DA:3,0
DA:4,0
DA:8,0
DA:9,0
DA:10,0
DA:13,0
DA:33,0
DA:34,0
DA:38,0
DA:39,0
LF:12
LH:0
BRF:0
BRH:0
end_of_record
TN:
SF:src/middleware/admin-auth.ts
FN:18,getJwtSecret
FN:22,signAdminToken
FN:42,adminMiddleware
FNF:3
FNH:0
FNDA:0,getJwtSecret
FNDA:0,signAdminToken
FNDA:0,adminMiddleware
DA:2,0
DA:3,0
DA:19,0
DA:22,0
DA:26,0
DA:27,0
DA:28,0
DA:31,0
DA:42,0
DA:47,0
DA:48,0
DA:49,0
DA:50,0
DA:51,0
DA:54,0
DA:55,0
DA:56,0
DA:57,0
DA:58,0
DA:59,0
DA:62,0
DA:63,0
DA:65,0
DA:66,0
DA:67,0
DA:68,0
DA:71,0
DA:79,0
DA:81,0
DA:82,0
LF:30
LH:0
BRDA:19,0,0,0
BRDA:19,0,1,0
BRDA:27,1,0,0
BRDA:48,2,0,0
BRDA:56,3,0,0
BRDA:65,4,0,0
BRF:6
BRH:0
end_of_record
TN:
SF:src/middleware/rider-auth.ts
FN:32,getJwtSecret
FN:36,signRiderToken
FN:60,authMiddleware
FN:65,(anonymous_4)
FNF:4
FNH:0
FNDA:0,getJwtSecret
FNDA:0,signRiderToken
FNDA:0,authMiddleware
FNDA:0,(anonymous_4)
DA:2,0
DA:3,0
DA:20,0
DA:33,0
DA:36,0
DA:42,0
DA:43,0
DA:44,0
DA:47,0
DA:60,0
DA:65,0
DA:66,0
DA:67,0
DA:70,0
DA:71,0
DA:72,0
DA:73,0
DA:74,0
DA:77,0
DA:78,0
DA:79,0
DA:80,0
DA:81,0
DA:82,0
DA:85,0
DA:86,0
DA:88,0
DA:89,0
DA:90,0
DA:91,0
DA:94,0
DA:104,0
DA:106,0
DA:107,0
LF:34
LH:0
BRDA:33,0,0,0
BRDA:33,0,1,0
BRDA:43,1,0,0
BRDA:65,2,0,0
BRDA:71,3,0,0
BRDA:79,4,0,0
BRDA:88,5,0,0
BRF:7
BRH:0
end_of_record
TN:
SF:src/routes/admin-auth.ts
FN:14,(anonymous_1)
FNF:1
FNH:0
FNDA:0,(anonymous_1)
DA:1,0
DA:2,0
DA:3,0
DA:5,0
DA:7,0
DA:14,0
DA:15,0
DA:16,0
DA:18,0
DA:19,0
DA:20,0
DA:23,0
DA:25,0
DA:29,0
DA:30,0
DA:31,0
DA:35,0
DA:36,0
DA:41,0
DA:42,0
DA:43,0
DA:46,0
DA:48,0
DA:58,0
DA:59,0
DA:63,0
LF:26
LH:0
BRDA:8,0,0,0
BRDA:8,0,1,0
BRDA:9,1,0,0
BRDA:9,1,1,0
BRDA:10,2,0,0
BRDA:10,2,1,0
BRDA:11,3,0,0
BRDA:11,3,1,0
BRDA:18,4,0,0
BRDA:18,5,0,0
BRDA:18,5,1,0
BRDA:25,6,0,0
BRDA:26,7,0,0
BRDA:26,7,1,0
BRF:14
BRH:0
end_of_record
TN:
SF:src/routes/admin-dashboard.ts
FN:7,parseTodayRange
FN:15,(anonymous_1)
FN:38,(anonymous_2)
FN:112,(anonymous_3)
FNF:4
FNH:0
FNDA:0,parseTodayRange
FNDA:0,(anonymous_1)
FNDA:0,(anonymous_2)
FNDA:0,(anonymous_3)
DA:1,0
DA:2,0
DA:3,0
DA:5,0
DA:8,0
DA:9,0
DA:10,0
DA:11,0
DA:12,0
DA:15,0
DA:16,0
DA:17,0
DA:18,0
DA:20,0
DA:22,0
DA:23,0
DA:26,0
DA:30,0
DA:32,0
DA:37,0
DA:38,0
DA:39,0
DA:42,0
DA:53,0
DA:54,0
DA:55,0
DA:56,0
DA:57,0
DA:58,0
DA:61,0
DA:63,0
DA:65,0
DA:68,0
DA:70,0
DA:74,0
DA:102,0
DA:112,0
DA:117,0
DA:142,0
DA:143,0
DA:147,0
LF:41
LH:0
BRDA:56,0,0,0
BRDA:58,1,0,0
BRDA:58,1,1,0
BRDA:63,2,0,0
BRDA:63,2,1,0
BRDA:65,3,0,0
BRDA:65,3,1,0
BRDA:66,4,0,0
BRDA:66,4,1,0
BRDA:67,5,0,0
BRDA:67,5,1,0
BRDA:70,6,0,0
BRDA:70,6,1,0
BRDA:126,7,0,0
BRDA:126,7,1,0
BRDA:127,8,0,0
BRDA:127,8,1,0
BRDA:129,9,0,0
BRDA:129,9,1,0
BRDA:130,10,0,0
BRDA:130,10,1,0
BRDA:131,11,0,0
BRDA:131,11,1,0
BRF:23
BRH:0
end_of_record
TN:
SF:src/routes/admin-manifest.ts
FN:71,queryString
FN:77,getManifestId
FN:82,isManifestStatus
FN:86,parseDateRange
FN:96,(anonymous_4)
FN:141,(anonymous_5)
FN:166,(anonymous_6)
FN:209,(anonymous_7)
FN:270,(anonymous_8)
FNF:9
FNH:0
FNDA:0,queryString
FNDA:0,getManifestId
FNDA:0,isManifestStatus
FNDA:0,parseDateRange
FNDA:0,(anonymous_4)
FNDA:0,(anonymous_5)
FNDA:0,(anonymous_6)
FNDA:0,(anonymous_7)
FNDA:0,(anonymous_8)
DA:1,0
DA:2,0
DA:3,0
DA:5,0
DA:7,0
DA:23,0
DA:41,0
DA:46,0
DA:72,0
DA:73,0
DA:74,0
DA:78,0
DA:79,0
DA:83,0
DA:87,0
DA:88,0
DA:90,0
DA:91,0
DA:93,0
DA:96,0
DA:97,0
DA:98,0
DA:99,0
DA:100,0
DA:101,0
DA:103,0
DA:105,0
DA:106,0
DA:107,0
DA:108,0
DA:110,0
DA:113,0
DA:114,0
DA:117,0
DA:118,0
DA:121,0
DA:122,0
DA:128,0
DA:134,0
DA:136,0
DA:137,0
DA:141,0
DA:142,0
DA:143,0
DA:144,0
DA:145,0
DA:146,0
DA:149,0
DA:154,0
DA:155,0
DA:156,0
DA:159,0
DA:161,0
DA:162,0
DA:166,0
DA:167,0
DA:168,0
DA:170,0
DA:171,0
DA:174,0
DA:177,0
DA:178,0
DA:179,0
DA:180,0
DA:183,0
DA:184,0
DA:185,0
DA:186,0
DA:189,0
DA:202,0
DA:204,0
DA:205,0
DA:209,0
DA:210,0
DA:211,0
DA:212,0
DA:213,0
DA:214,0
DA:224,0
DA:226,0
DA:230,0
DA:231,0
DA:232,0
DA:235,0
DA:236,0
DA:237,0
DA:238,0
DA:239,0
DA:243,0
DA:244,0
DA:245,0
DA:248,0
DA:263,0
DA:265,0
DA:266,0
DA:270,0
DA:271,0
DA:272,0
DA:273,0
DA:274,0
DA:275,0
DA:278,0
DA:282,0
DA:283,0
DA:284,0
DA:287,0
DA:289,0
DA:291,0
DA:292,0
DA:296,0
LF:110
LH:0
BRDA:72,0,0,0
BRDA:73,1,0,0
BRDA:73,2,0,0
BRDA:73,2,1,0
BRDA:79,3,0,0
BRDA:79,3,1,0
BRDA:105,4,0,0
BRDA:105,5,0,0
BRDA:105,5,1,0
BRDA:106,6,0,0
BRDA:113,7,0,0
BRDA:117,8,0,0
BRDA:121,9,0,0
BRDA:144,10,0,0
BRDA:154,11,0,0
BRDA:170,12,0,0
BRDA:170,13,0,0
BRDA:170,13,1,0
BRDA:170,13,2,0
BRDA:178,14,0,0
BRDA:184,15,0,0
BRDA:195,16,0,0
BRDA:195,16,1,0
BRDA:212,17,0,0
BRDA:230,18,0,0
BRDA:235,19,0,0
BRDA:237,20,0,0
BRDA:243,21,0,0
BRDA:243,22,0,0
BRDA:243,22,1,0
BRDA:251,23,0,0
BRDA:251,23,1,0
BRDA:252,24,0,0
BRDA:252,24,1,0
BRDA:253,25,0,0
BRDA:253,25,1,0
BRDA:254,26,0,0
BRDA:254,26,1,0
BRDA:255,27,0,0
BRDA:255,27,1,0
BRDA:258,28,0,0
BRDA:258,28,1,0
BRDA:273,29,0,0
BRDA:282,30,0,0
BRF:44
BRH:0
end_of_record
TN:
SF:src/routes/admin-order.ts
FN:17,queryString
FN:23,getOrderId
FN:28,isOrderStatus
FN:32,resolveHubId
FN:70,validateRequiredOrderFields
FN:84,buildOrderCreateData
FN:119,buildOrderUpdateData
FN:179,(anonymous_7)
FN:232,(anonymous_8)
FN:293,(anonymous_9)
FN:341,(anonymous_10)
FN:374,(anonymous_11)
FNF:12
FNH:0
FNDA:0,queryString
FNDA:0,getOrderId
FNDA:0,isOrderStatus
FNDA:0,resolveHubId
FNDA:0,validateRequiredOrderFields
FNDA:0,buildOrderCreateData
FNDA:0,buildOrderUpdateData
FNDA:0,(anonymous_7)
FNDA:0,(anonymous_8)
FNDA:0,(anonymous_9)
FNDA:0,(anonymous_10)
FNDA:0,(anonymous_11)
DA:1,0
DA:2,0
DA:3,0
DA:5,0
DA:7,0
DA:18,0
DA:19,0
DA:20,0
DA:24,0
DA:25,0
DA:29,0
DA:36,0
DA:44,0
DA:45,0
DA:48,0
DA:71,0
DA:79,0
DA:81,0
DA:89,0
DA:90,0
DA:91,0
DA:94,0
DA:95,0
DA:96,0
DA:99,0
DA:116,0
DA:122,0
DA:124,0
DA:125,0
DA:128,0
DA:129,0
DA:130,0
DA:131,0
DA:134,0
DA:135,0
DA:136,0
DA:137,0
DA:138,0
DA:139,0
DA:143,0
DA:144,0
DA:145,0
DA:146,0
DA:147,0
DA:150,0
DA:151,0
DA:152,0
DA:154,0
DA:157,0
DA:158,0
DA:159,0
DA:162,0
DA:163,0
DA:164,0
DA:167,0
DA:168,0
DA:169,0
DA:170,0
DA:171,0
DA:173,0
DA:176,0
DA:179,0
DA:180,0
DA:181,0
DA:182,0
DA:183,0
DA:184,0
DA:186,0
DA:188,0
DA:189,0
DA:195,0
DA:196,0
DA:197,0
DA:198,0
DA:203,0
DA:204,0
DA:205,0
DA:206,0
DA:208,0
DA:211,0
DA:212,0
DA:219,0
DA:225,0
DA:227,0
DA:228,0
DA:232,0
DA:233,0
DA:234,0
DA:236,0
DA:237,0
DA:240,0
DA:243,0
DA:245,0
DA:246,0
DA:247,0
DA:248,0
DA:249,0
DA:250,0
DA:251,0
DA:254,0
DA:258,0
DA:259,0
DA:260,0
DA:261,0
DA:264,0
DA:265,0
DA:266,0
DA:267,0
DA:268,0
DA:271,0
DA:272,0
DA:275,0
DA:276,0
DA:279,0
DA:283,0
DA:288,0
DA:289,0
DA:293,0
DA:294,0
DA:295,0
DA:297,0
DA:305,0
DA:309,0
DA:312,0
DA:316,0
DA:317,0
DA:320,0
DA:323,0
DA:324,0
DA:325,0
DA:326,0
DA:329,0
DA:334,0
DA:336,0
DA:337,0
DA:341,0
DA:342,0
DA:343,0
DA:344,0
DA:345,0
DA:346,0
DA:349,0
DA:350,0
DA:351,0
DA:352,0
DA:355,0
DA:356,0
DA:357,0
DA:358,0
DA:361,0
DA:367,0
DA:369,0
DA:370,0
DA:374,0
DA:375,0
DA:376,0
DA:377,0
DA:378,0
DA:379,0
DA:382,0
DA:383,0
DA:384,0
DA:385,0
DA:388,0
DA:390,0
DA:392,0
DA:393,0
DA:397,0
LF:168
LH:0
BRDA:18,0,0,0
BRDA:19,1,0,0
BRDA:19,2,0,0
BRDA:19,2,1,0
BRDA:25,3,0,0
BRDA:25,3,1,0
BRDA:44,4,0,0
BRDA:71,5,0,0
BRDA:72,6,0,0
BRDA:72,6,1,0
BRDA:72,6,2,0
BRDA:72,6,3,0
BRDA:72,6,4,0
BRDA:72,6,5,0
BRDA:79,7,0,0
BRDA:79,7,1,0
BRDA:90,8,0,0
BRDA:95,9,0,0
BRDA:103,10,0,0
BRDA:103,10,1,0
BRDA:105,11,0,0
BRDA:105,11,1,0
BRDA:106,12,0,0
BRDA:106,12,1,0
BRDA:107,13,0,0
BRDA:107,13,1,0
BRDA:108,14,0,0
BRDA:108,14,1,0
BRDA:109,15,0,0
BRDA:109,15,1,0
BRDA:110,16,0,0
BRDA:110,16,1,0
BRDA:111,17,0,0
BRDA:111,17,1,0
BRDA:124,18,0,0
BRDA:128,19,0,0
BRDA:129,20,0,0
BRDA:130,21,0,0
BRDA:131,22,0,0
BRDA:134,23,0,0
BRDA:135,24,0,0
BRDA:136,25,0,0
BRDA:137,26,0,0
BRDA:138,27,0,0
BRDA:143,28,0,0
BRDA:144,29,0,0
BRDA:145,30,0,0
BRDA:146,31,0,0
BRDA:150,32,0,0
BRDA:151,33,0,0
BRDA:157,34,0,0
BRDA:157,34,1,0
BRDA:157,35,0,0
BRDA:157,35,1,0
BRDA:158,36,0,0
BRDA:158,37,0,0
BRDA:158,37,1,0
BRDA:163,38,0,0
BRDA:168,39,0,0
BRDA:170,40,0,0
BRDA:188,41,0,0
BRDA:188,41,1,0
BRDA:188,42,0,0
BRDA:188,42,1,0
BRDA:195,43,0,0
BRDA:195,43,1,0
BRDA:197,44,0,0
BRDA:203,45,0,0
BRDA:204,46,0,0
BRDA:211,47,0,0
BRDA:236,48,0,0
BRDA:236,49,0,0
BRDA:236,49,1,0
BRDA:248,50,0,0
BRDA:258,51,0,0
BRDA:265,52,0,0
BRDA:275,53,0,0
BRDA:275,53,1,0
BRDA:277,54,0,0
BRDA:277,54,1,0
BRDA:297,55,0,0
BRDA:298,56,0,0
BRDA:298,56,1,0
BRDA:298,56,2,0
BRDA:298,56,3,0
BRDA:298,56,4,0
BRDA:298,56,5,0
BRDA:316,57,0,0
BRDA:324,58,0,0
BRDA:344,59,0,0
BRDA:350,60,0,0
BRDA:356,61,0,0
BRDA:377,62,0,0
BRDA:383,63,0,0
BRF:94
BRH:0
end_of_record
TN:
SF:src/routes/admin-rider.ts
FN:39,queryString
FN:45,getRiderId
FN:50,(anonymous_3)
FN:90,(anonymous_4)
FN:122,(anonymous_5)
FN:178,(anonymous_6)
FN:245,(anonymous_7)
FNF:7
FNH:0
FNDA:0,queryString
FNDA:0,getRiderId
FNDA:0,(anonymous_3)
FNDA:0,(anonymous_4)
FNDA:0,(anonymous_5)
FNDA:0,(anonymous_6)
FNDA:0,(anonymous_7)
DA:1,0
DA:2,0
DA:4,0
DA:6,0
DA:8,0
DA:28,0
DA:40,0
DA:41,0
DA:42,0
DA:46,0
DA:47,0
DA:50,0
DA:51,0
DA:52,0
DA:53,0
DA:54,0
DA:56,0
DA:58,0
DA:59,0
DA:67,0
DA:68,0
DA:71,0
DA:72,0
DA:73,0
DA:74,0
DA:77,0
DA:83,0
DA:85,0
DA:86,0
DA:90,0
DA:91,0
DA:92,0
DA:93,0
DA:94,0
DA:95,0
DA:98,0
DA:103,0
DA:104,0
DA:105,0
DA:108,0
DA:115,0
DA:117,0
DA:118,0
DA:122,0
DA:123,0
DA:125,0
DA:127,0
DA:128,0
DA:131,0
DA:134,0
DA:135,0
DA:136,0
DA:137,0
DA:140,0
DA:142,0
DA:148,0
DA:149,0
DA:152,0
DA:155,0
DA:157,0
DA:171,0
DA:173,0
DA:174,0
DA:178,0
DA:179,0
DA:180,0
DA:181,0
DA:182,0
DA:183,0
DA:187,0
DA:189,0
DA:190,0
DA:191,0
DA:192,0
DA:195,0
DA:196,0
DA:197,0
DA:198,0
DA:199,0
DA:203,0
DA:204,0
DA:205,0
DA:212,0
DA:213,0
DA:214,0
DA:218,0
DA:222,0
DA:238,0
DA:240,0
DA:241,0
DA:245,0
DA:246,0
DA:247,0
DA:248,0
DA:249,0
DA:250,0
DA:253,0
DA:254,0
DA:255,0
DA:256,0
DA:259,0
DA:265,0
DA:267,0
DA:268,0
DA:272,0
LF:105
LH:0
BRDA:40,0,0,0
BRDA:41,1,0,0
BRDA:41,2,0,0
BRDA:41,2,1,0
BRDA:47,3,0,0
BRDA:47,3,1,0
BRDA:58,4,0,0
BRDA:67,5,0,0
BRDA:71,6,0,0
BRDA:71,6,1,0
BRDA:73,7,0,0
BRDA:93,8,0,0
BRDA:103,9,0,0
BRDA:127,10,0,0
BRDA:127,11,0,0
BRDA:127,11,1,0
BRDA:127,11,2,0
BRDA:127,11,3,0
BRDA:127,11,4,0
BRDA:127,11,5,0
BRDA:135,12,0,0
BRDA:148,13,0,0
BRDA:165,14,0,0
BRDA:165,14,1,0
BRDA:181,15,0,0
BRDA:190,16,0,0
BRDA:195,17,0,0
BRDA:197,18,0,0
BRDA:203,19,0,0
BRDA:212,20,0,0
BRDA:218,21,0,0
BRDA:218,21,1,0
BRDA:225,22,0,0
BRDA:225,22,1,0
BRDA:226,23,0,0
BRDA:226,23,1,0
BRDA:229,24,0,0
BRDA:229,24,1,0
BRDA:230,25,0,0
BRDA:230,25,1,0
BRDA:231,26,0,0
BRDA:231,26,1,0
BRDA:232,27,0,0
BRDA:232,27,1,0
BRDA:233,28,0,0
BRDA:233,28,1,0
BRDA:248,29,0,0
BRDA:254,30,0,0
BRF:48
BRH:0
end_of_record
TN:
SF:src/routes/admin-stops.ts
FN:42,generateStopId
FN:46,queryString
FN:52,isStopStatus
FN:56,findManifestByParam
FN:64,findStopByParam
FN:72,syncManifestCounters
FN:78,(anonymous_6)
FN:80,(anonymous_7)
FN:87,(anonymous_8)
FN:90,(anonymous_9)
FN:106,syncOrderFromStopStatus
FN:143,(anonymous_11)
FN:198,(anonymous_12)
FN:224,(anonymous_13)
FN:257,(anonymous_14)
FN:353,(anonymous_15)
FN:412,(anonymous_16)
FN:446,(anonymous_17)
FNF:18
FNH:0
FNDA:0,generateStopId
FNDA:0,queryString
FNDA:0,isStopStatus
FNDA:0,findManifestByParam
FNDA:0,findStopByParam
FNDA:0,syncManifestCounters
FNDA:0,(anonymous_6)
FNDA:0,(anonymous_7)
FNDA:0,(anonymous_8)
FNDA:0,(anonymous_9)
FNDA:0,syncOrderFromStopStatus
FNDA:0,(anonymous_11)
FNDA:0,(anonymous_12)
FNDA:0,(anonymous_13)
FNDA:0,(anonymous_14)
FNDA:0,(anonymous_15)
FNDA:0,(anonymous_16)
FNDA:0,(anonymous_17)
DA:1,0
DA:2,0
DA:8,0
DA:9,0
DA:11,0
DA:13,0
DA:18,0
DA:24,0
DA:30,0
DA:43,0
DA:47,0
DA:48,0
DA:49,0
DA:53,0
DA:57,0
DA:65,0
DA:73,0
DA:78,0
DA:80,0
DA:81,0
DA:86,0
DA:87,0
DA:88,0
DA:89,0
DA:90,0
DA:91,0
DA:95,0
DA:107,0
DA:108,0
DA:112,0
DA:115,0
DA:116,0
DA:120,0
DA:123,0
DA:124,0
DA:128,0
DA:131,0
DA:136,0
DA:143,0
DA:144,0
DA:145,0
DA:146,0
DA:147,0
DA:149,0
DA:151,0
DA:152,0
DA:153,0
DA:154,0
DA:155,0
DA:157,0
DA:160,0
DA:161,0
DA:162,0
DA:163,0
DA:165,0
DA:168,0
DA:169,0
DA:185,0
DA:191,0
DA:193,0
DA:194,0
DA:198,0
DA:199,0
DA:200,0
DA:201,0
DA:202,0
DA:203,0
DA:206,0
DA:207,0
DA:208,0
DA:209,0
DA:212,0
DA:217,0
DA:219,0
DA:220,0
DA:224,0
DA:225,0
DA:232,0
DA:234,0
DA:235,0
DA:238,0
DA:241,0
DA:242,0
DA:243,0
DA:244,0
DA:247,0
DA:249,0
DA:252,0
DA:253,0
DA:254,0
DA:257,0
DA:258,0
DA:262,0
DA:263,0
DA:266,0
DA:267,0
DA:270,0
DA:271,0
DA:273,0
DA:274,0
DA:277,0
DA:283,0
DA:284,0
DA:289,0
DA:295,0
DA:296,0
DA:299,0
DA:307,0
DA:310,0
DA:312,0
DA:328,0
DA:330,0
DA:332,0
DA:333,0
DA:334,0
DA:335,0
DA:337,0
DA:343,0
DA:344,0
DA:348,0
DA:349,0
DA:353,0
DA:354,0
DA:355,0
DA:356,0
DA:357,0
DA:358,0
DA:361,0
DA:363,0
DA:364,0
DA:365,0
DA:366,0
DA:369,0
DA:370,0
DA:371,0
DA:374,0
DA:384,0
DA:396,0
DA:397,0
DA:398,0
DA:399,0
DA:401,0
DA:402,0
DA:405,0
DA:407,0
DA:408,0
DA:412,0
DA:413,0
DA:414,0
DA:415,0
DA:416,0
DA:417,0
DA:420,0
DA:421,0
DA:422,0
DA:423,0
DA:426,0
DA:436,0
DA:437,0
DA:438,0
DA:439,0
DA:443,0
DA:446,0
DA:447,0
DA:449,0
DA:450,0
DA:451,0
DA:452,0
DA:463,0
DA:465,0
DA:467,0
DA:468,0
DA:472,0
LF:173
LH:0
BRDA:47,0,0,0
BRDA:48,1,0,0
BRDA:48,2,0,0
BRDA:48,2,1,0
BRDA:86,3,0,0
BRDA:88,4,0,0
BRDA:88,4,1,0
BRDA:90,5,0,0
BRDA:101,6,0,0
BRDA:101,6,1,0
BRDA:107,7,0,0
BRDA:115,8,0,0
BRDA:123,9,0,0
BRDA:131,10,0,0
BRDA:151,11,0,0
BRDA:153,12,0,0
BRDA:160,13,0,0
BRDA:160,14,0,0
BRDA:160,14,1,0
BRDA:161,15,0,0
BRDA:168,16,0,0
BRDA:201,17,0,0
BRDA:207,18,0,0
BRDA:234,19,0,0
BRDA:234,20,0,0
BRDA:234,20,1,0
BRDA:234,20,2,0
BRDA:242,21,0,0
BRDA:247,22,0,0
BRDA:247,22,1,0
BRDA:252,23,0,0
BRDA:258,24,0,0
BRDA:258,24,1,0
BRDA:262,25,0,0
BRDA:266,26,0,0
BRDA:266,27,0,0
BRDA:266,27,1,0
BRDA:270,28,0,0
BRDA:273,29,0,0
BRDA:283,30,0,0
BRDA:295,31,0,0
BRDA:310,32,0,0
BRDA:310,32,1,0
BRDA:332,33,0,0
BRDA:333,34,0,0
BRDA:337,35,0,0
BRDA:338,36,0,0
BRDA:338,36,1,0
BRDA:338,36,2,0
BRDA:338,36,3,0
BRDA:356,37,0,0
BRDA:364,38,0,0
BRDA:369,39,0,0
BRDA:369,40,0,0
BRDA:369,40,1,0
BRDA:387,41,0,0
BRDA:387,41,1,0
BRDA:388,42,0,0
BRDA:388,42,1,0
BRDA:389,43,0,0
BRDA:389,43,1,0
BRDA:390,44,0,0
BRDA:390,44,1,0
BRDA:391,45,0,0
BRDA:391,45,1,0
BRDA:396,46,0,0
BRDA:396,47,0,0
BRDA:396,47,1,0
BRDA:397,48,0,0
BRDA:415,49,0,0
BRDA:421,50,0,0
BRDA:437,51,0,0
BRDA:443,52,0,0
BRDA:443,52,1,0
BRDA:449,53,0,0
BRDA:451,54,0,0
BRF:76
BRH:0
end_of_record
TN:
SF:src/routes/ai.ts
FN:16,getGeminiModel
FN:86,getLatestManifest
FN:93,executeOptimizeRoute
FN:137,(anonymous_4)
FN:166,executeFilterDeliveries
FN:185,executeQueryStatus
FN:201,(anonymous_7)
FN:203,(anonymous_8)
FN:205,(anonymous_9)
FN:208,(anonymous_10)
FN:211,(anonymous_11)
FN:215,(anonymous_12)
FN:216,(anonymous_13)
FN:237,(anonymous_14)
FN:273,(anonymous_15)
FN:274,(anonymous_16)
FN:275,(anonymous_17)
FN:279,(anonymous_18)
FN:281,(anonymous_19)
FN:295,(anonymous_20)
FNF:20
FNH:0
FNDA:0,getGeminiModel
FNDA:0,getLatestManifest
FNDA:0,executeOptimizeRoute
FNDA:0,(anonymous_4)
FNDA:0,executeFilterDeliveries
FNDA:0,executeQueryStatus
FNDA:0,(anonymous_7)
FNDA:0,(anonymous_8)
FNDA:0,(anonymous_9)
FNDA:0,(anonymous_10)
FNDA:0,(anonymous_11)
FNDA:0,(anonymous_12)
FNDA:0,(anonymous_13)
FNDA:0,(anonymous_14)
FNDA:0,(anonymous_15)
FNDA:0,(anonymous_16)
FNDA:0,(anonymous_17)
FNDA:0,(anonymous_18)
FNDA:0,(anonymous_19)
FNDA:0,(anonymous_20)
DA:1,0
DA:2,0
DA:3,0
DA:4,0
DA:5,0
DA:7,0
DA:9,0
DA:14,0
DA:17,0
DA:18,0
DA:20,0
DA:21,0
DA:87,0
DA:97,0
DA:98,0
DA:101,0
DA:103,0
DA:107,0
DA:108,0
DA:120,0
DA:123,0
DA:131,0
DA:132,0
DA:135,0
DA:136,0
DA:137,0
DA:138,0
DA:139,0
DA:140,0
DA:144,0
DA:151,0
DA:152,0
DA:153,0
DA:157,0
DA:160,0
DA:170,0
DA:171,0
DA:173,0
DA:189,0
DA:190,0
DA:191,0
DA:193,0
DA:201,0
DA:203,0
DA:205,0
DA:206,0
DA:208,0
DA:211,0
DA:214,0
DA:215,0
DA:216,0
DA:218,0
DA:234,0
DA:237,0
DA:238,0
DA:239,0
DA:240,0
DA:241,0
DA:242,0
DA:245,0
DA:246,0
DA:247,0
DA:248,0
DA:251,0
DA:253,0
DA:254,0
DA:269,0
DA:273,0
DA:274,0
DA:275,0
DA:279,0
DA:282,0
DA:290,0
DA:291,0
DA:293,0
DA:294,0
DA:296,0
DA:299,0
DA:300,0
DA:301,0
DA:302,0
DA:305,0
DA:307,0
DA:309,0
DA:310,0
DA:312,0
DA:313,0
DA:315,0
DA:316,0
DA:318,0
DA:321,0
DA:329,0
DA:331,0
DA:339,0
DA:342,0
DA:343,0
DA:351,0
DA:352,0
DA:356,0
LF:99
LH:0
BRDA:18,0,0,0
BRDA:98,1,0,0
BRDA:101,2,0,0
BRDA:101,2,1,0
BRDA:103,3,0,0
BRDA:103,3,1,0
BRDA:107,4,0,0
BRDA:107,5,0,0
BRDA:107,5,1,0
BRDA:120,6,0,0
BRDA:131,7,0,0
BRDA:136,8,0,0
BRDA:138,9,0,0
BRDA:162,10,0,0
BRDA:162,10,1,0
BRDA:170,11,0,0
BRDA:170,11,1,0
BRDA:171,12,0,0
BRDA:171,12,1,0
BRDA:189,13,0,0
BRDA:189,13,1,0
BRDA:191,14,0,0
BRDA:208,15,0,0
BRDA:208,15,1,0
BRDA:211,16,0,0
BRDA:211,16,1,0
BRDA:223,17,0,0
BRDA:223,17,1,0
BRDA:234,18,0,0
BRDA:234,18,1,0
BRDA:240,19,0,0
BRDA:246,20,0,0
BRDA:254,21,0,0
BRDA:254,21,1,0
BRDA:271,22,0,0
BRDA:271,22,1,0
BRDA:293,23,0,0
BRDA:293,23,1,0
BRDA:296,24,0,0
BRDA:296,24,1,0
BRDA:299,25,0,0
BRDA:299,25,1,0
BRDA:302,26,0,0
BRDA:302,26,1,0
BRDA:307,27,0,0
BRDA:307,27,1,0
BRDA:307,27,2,0
BRDA:307,27,3,0
BRDA:329,28,0,0
BRDA:329,28,1,0
BRDA:339,29,0,0
BRDA:339,29,1,0
BRF:52
BRH:0
end_of_record
TN:
SF:src/routes/attendance.ts
FN:6,haversineDistance
FN:13,(anonymous_1)
FN:26,(anonymous_2)
FNF:3
FNH:0
FNDA:0,haversineDistance
FNDA:0,(anonymous_1)
FNDA:0,(anonymous_2)
DA:1,0
DA:2,0
DA:4,0
DA:6,0
DA:12,0
DA:13,0
DA:14,0
DA:15,0
DA:17,0
DA:22,0
DA:23,0
DA:26,0
DA:27,0
DA:28,0
DA:29,0
DA:30,0
DA:31,0
DA:34,0
DA:35,0
DA:36,0
DA:37,0
DA:40,0
DA:54,0
DA:55,0
DA:56,0
DA:59,0
DA:60,0
DA:61,0
DA:62,0
DA:65,0
DA:72,0
DA:73,0
DA:79,0
DA:82,0
DA:89,0
DA:90,0
DA:94,0
LF:37
LH:0
BRDA:29,0,0,0
BRDA:35,1,0,0
BRDA:35,2,0,0
BRDA:35,2,1,0
BRDA:54,3,0,0
BRDA:60,4,0,0
BRDA:72,5,0,0
BRF:7
BRH:0
end_of_record
TN:
SF:src/routes/delivery.ts
FN:31,queryString
FN:37,getParamString
FN:43,parseNextAction
FN:49,optionalString
FN:53,findStopByBusinessId
FN:60,promoteNextPendingStop
FN:82,(anonymous_7)
FN:98,(anonymous_8)
FN:144,(anonymous_9)
FN:146,(anonymous_10)
FN:147,(anonymous_11)
FN:164,(anonymous_12)
FN:201,(anonymous_13)
FN:241,(anonymous_14)
FN:252,(anonymous_15)
FN:255,(anonymous_16)
FN:312,(anonymous_17)
FN:365,(anonymous_18)
FN:424,(anonymous_19)
FN:435,(anonymous_20)
FN:438,(anonymous_21)
FN:504,(anonymous_22)
FN:538,(anonymous_23)
FN:599,(anonymous_24)
FN:641,(anonymous_25)
FN:683,(anonymous_26)
FN:727,(anonymous_27)
FN:771,(anonymous_28)
FN:772,(anonymous_29)
FN:773,(anonymous_30)
FNF:30
FNH:0
FNDA:0,queryString
FNDA:0,getParamString
FNDA:0,parseNextAction
FNDA:0,optionalString
FNDA:0,findStopByBusinessId
FNDA:0,promoteNextPendingStop
FNDA:0,(anonymous_7)
FNDA:0,(anonymous_8)
FNDA:0,(anonymous_9)
FNDA:0,(anonymous_10)
FNDA:0,(anonymous_11)
FNDA:0,(anonymous_12)
FNDA:0,(anonymous_13)
FNDA:0,(anonymous_14)
FNDA:0,(anonymous_15)
FNDA:0,(anonymous_16)
FNDA:0,(anonymous_17)
FNDA:0,(anonymous_18)
FNDA:0,(anonymous_19)
FNDA:0,(anonymous_20)
FNDA:0,(anonymous_21)
FNDA:0,(anonymous_22)
FNDA:0,(anonymous_23)
FNDA:0,(anonymous_24)
FNDA:0,(anonymous_25)
FNDA:0,(anonymous_26)
FNDA:0,(anonymous_27)
FNDA:0,(anonymous_28)
FNDA:0,(anonymous_29)
FNDA:0,(anonymous_30)
DA:1,0
DA:2,0
DA:12,0
DA:13,0
DA:17,0
DA:19,0
DA:25,0
DA:32,0
DA:33,0
DA:34,0
DA:38,0
DA:39,0
DA:40,0
DA:44,0
DA:45,0
DA:46,0
DA:50,0
DA:54,0
DA:61,0
DA:71,0
DA:72,0
DA:79,0
DA:82,0
DA:83,0
DA:84,0
DA:85,0
DA:86,0
DA:87,0
DA:90,0
DA:91,0
DA:92,0
DA:94,0
DA:98,0
DA:100,0
DA:104,0
DA:105,0
DA:107,0
DA:112,0
DA:113,0
DA:123,0
DA:124,0
DA:125,0
DA:126,0
DA:127,0
DA:128,0
DA:129,0
DA:130,0
DA:131,0
DA:132,0
DA:133,0
DA:134,0
DA:135,0
DA:138,0
DA:144,0
DA:146,0
DA:147,0
DA:149,0
DA:159,0
DA:160,0
DA:164,0
DA:165,0
DA:166,0
DA:167,0
DA:168,0
DA:169,0
DA:172,0
DA:174,0
DA:175,0
DA:176,0
DA:177,0
DA:180,0
DA:181,0
DA:182,0
DA:185,0
DA:188,0
DA:189,0
DA:190,0
DA:196,0
DA:199,0
DA:201,0
DA:202,0
DA:210,0
DA:232,0
DA:237,0
DA:241,0
DA:242,0
DA:244,0
DA:245,0
DA:251,0
DA:253,0
DA:255,0
DA:257,0
DA:258,0
DA:270,0
DA:275,0
DA:280,0
DA:282,0
DA:285,0
DA:286,0
DA:287,0
DA:297,0
DA:300,0
DA:301,0
DA:307,0
DA:308,0
DA:312,0
DA:313,0
DA:314,0
DA:315,0
DA:316,0
DA:317,0
DA:320,0
DA:322,0
DA:323,0
DA:324,0
DA:327,0
DA:328,0
DA:329,0
DA:330,0
DA:333,0
DA:334,0
DA:335,0
DA:339,0
DA:340,0
DA:341,0
DA:347,0
DA:350,0
DA:352,0
DA:355,0
DA:356,0
DA:357,0
DA:358,0
DA:360,0
DA:363,0
DA:365,0
DA:366,0
DA:374,0
DA:397,0
DA:402,0
DA:403,0
DA:407,0
DA:408,0
DA:412,0
DA:413,0
DA:420,0
DA:424,0
DA:425,0
DA:427,0
DA:428,0
DA:434,0
DA:436,0
DA:438,0
DA:440,0
DA:441,0
DA:453,0
DA:458,0
DA:460,0
DA:463,0
DA:469,0
DA:470,0
DA:471,0
DA:483,0
DA:486,0
DA:493,0
DA:499,0
DA:500,0
DA:504,0
DA:505,0
DA:506,0
DA:507,0
DA:508,0
DA:509,0
DA:512,0
DA:514,0
DA:515,0
DA:516,0
DA:517,0
DA:520,0
DA:521,0
DA:522,0
DA:526,0
DA:527,0
DA:528,0
DA:533,0
DA:536,0
DA:538,0
DA:539,0
DA:544,0
DA:563,0
DA:568,0
DA:574,0
DA:575,0
DA:576,0
DA:586,0
DA:589,0
DA:590,0
DA:592,0
DA:593,0
DA:599,0
DA:600,0
DA:601,0
DA:602,0
DA:603,0
DA:604,0
DA:607,0
DA:608,0
DA:609,0
DA:610,0
DA:613,0
DA:615,0
DA:617,0
DA:618,0
DA:619,0
DA:620,0
DA:621,0
DA:622,0
DA:623,0
DA:627,0
DA:628,0
DA:629,0
DA:632,0
DA:633,0
DA:634,0
DA:637,0
DA:638,0
DA:640,0
DA:641,0
DA:642,0
DA:646,0
DA:664,0
DA:668,0
DA:671,0
DA:672,0
DA:674,0
DA:675,0
DA:676,0
DA:677,0
DA:678,0
DA:680,0
DA:683,0
DA:684,0
DA:688,0
DA:709,0
DA:710,0
DA:714,0
DA:715,0
DA:721,0
DA:722,0
DA:726,0
DA:727,0
DA:728,0
DA:732,0
DA:750,0
DA:757,0
DA:758,0
DA:761,0
DA:763,0
DA:764,0
DA:768,0
DA:771,0
DA:772,0
DA:773,0
DA:776,0
DA:778,0
DA:779,0
DA:783,0
LF:266
LH:0
BRDA:32,0,0,0
BRDA:33,1,0,0
BRDA:33,2,0,0
BRDA:33,2,1,0
BRDA:38,3,0,0
BRDA:39,4,0,0
BRDA:39,5,0,0
BRDA:39,5,1,0
BRDA:44,6,0,0
BRDA:45,7,0,0
BRDA:50,8,0,0
BRDA:50,8,1,0
BRDA:65,9,0,0
BRDA:65,9,1,0
BRDA:71,10,0,0
BRDA:85,11,0,0
BRDA:104,12,0,0
BRDA:104,12,1,0
BRDA:104,13,0,0
BRDA:104,13,1,0
BRDA:112,14,0,0
BRDA:123,15,0,0
BRDA:123,15,1,0
BRDA:129,16,0,0
BRDA:167,17,0,0
BRDA:175,18,0,0
BRDA:180,19,0,0
BRDA:188,20,0,0
BRDA:199,21,0,0
BRDA:199,21,1,0
BRDA:218,22,0,0
BRDA:218,22,1,0
BRDA:225,23,0,0
BRDA:225,23,1,0
BRDA:244,24,0,0
BRDA:253,25,0,0
BRDA:253,25,1,0
BRDA:257,26,0,0
BRDA:285,27,0,0
BRDA:285,27,1,0
BRDA:304,28,0,0
BRDA:304,28,1,0
BRDA:315,29,0,0
BRDA:322,30,0,0
BRDA:328,31,0,0
BRDA:333,32,0,0
BRDA:339,33,0,0
BRDA:355,34,0,0
BRDA:355,34,1,0
BRDA:357,35,0,0
BRDA:357,35,1,0
BRDA:357,36,0,0
BRDA:357,36,1,0
BRDA:363,37,0,0
BRDA:363,37,1,0
BRDA:382,38,0,0
BRDA:382,38,1,0
BRDA:390,39,0,0
BRDA:390,39,1,0
BRDA:402,40,0,0
BRDA:402,40,1,0
BRDA:407,41,0,0
BRDA:407,41,1,0
BRDA:412,42,0,0
BRDA:427,43,0,0
BRDA:436,44,0,0
BRDA:436,44,1,0
BRDA:440,45,0,0
BRDA:469,46,0,0
BRDA:469,46,1,0
BRDA:475,47,0,0
BRDA:475,47,1,0
BRDA:476,48,0,0
BRDA:476,48,1,0
BRDA:494,49,0,0
BRDA:494,49,1,0
BRDA:496,50,0,0
BRDA:496,50,1,0
BRDA:507,51,0,0
BRDA:515,52,0,0
BRDA:520,53,0,0
BRDA:526,54,0,0
BRDA:550,55,0,0
BRDA:550,55,1,0
BRDA:551,56,0,0
BRDA:551,56,1,0
BRDA:557,57,0,0
BRDA:557,57,1,0
BRDA:558,58,0,0
BRDA:558,58,1,0
BRDA:574,59,0,0
BRDA:574,59,1,0
BRDA:581,60,0,0
BRDA:581,60,1,0
BRDA:602,61,0,0
BRDA:608,62,0,0
BRDA:608,63,0,0
BRDA:608,63,1,0
BRDA:621,64,0,0
BRDA:627,65,0,0
BRDA:632,66,0,0
BRDA:638,67,0,0
BRDA:638,67,1,0
BRDA:640,68,0,0
BRDA:640,68,1,0
BRDA:654,69,0,0
BRDA:654,69,1,0
BRDA:661,70,0,0
BRDA:661,70,1,0
BRDA:671,71,0,0
BRDA:671,71,1,0
BRDA:675,72,0,0
BRDA:675,72,1,0
BRDA:677,73,0,0
BRDA:677,73,1,0
BRDA:677,74,0,0
BRDA:677,74,1,0
BRDA:694,75,0,0
BRDA:694,75,1,0
BRDA:695,76,0,0
BRDA:695,76,1,0
BRDA:702,77,0,0
BRDA:702,77,1,0
BRDA:703,78,0,0
BRDA:703,78,1,0
BRDA:709,79,0,0
BRDA:709,79,1,0
BRDA:714,80,0,0
BRDA:721,81,0,0
BRDA:726,82,0,0
BRDA:726,82,1,0
BRDA:738,83,0,0
BRDA:738,83,1,0
BRDA:739,84,0,0
BRDA:739,84,1,0
BRDA:745,85,0,0
BRDA:745,85,1,0
BRDA:746,86,0,0
BRDA:746,86,1,0
BRDA:764,87,0,0
BRDA:764,87,1,0
BRF:141
BRH:0
end_of_record
TN:
SF:src/routes/geocode.ts
FN:30,queryString
FN:36,getApiKey
FN:45,(anonymous_2)
FN:77,(anonymous_3)
FN:108,(anonymous_4)
FN:124,(anonymous_5)
FNF:6
FNH:0
FNDA:0,queryString
FNDA:0,getApiKey
FNDA:0,(anonymous_2)
FNDA:0,(anonymous_3)
FNDA:0,(anonymous_4)
FNDA:0,(anonymous_5)
DA:1,0
DA:3,0
DA:5,0
DA:6,0
DA:31,0
DA:32,0
DA:33,0
DA:37,0
DA:38,0
DA:39,0
DA:40,0
DA:42,0
DA:45,0
DA:46,0
DA:47,0
DA:48,0
DA:49,0
DA:51,0
DA:52,0
DA:53,0
DA:56,0
DA:57,0
DA:58,0
DA:60,0
DA:61,0
DA:62,0
DA:69,0
DA:72,0
DA:73,0
DA:77,0
DA:78,0
DA:79,0
DA:80,0
DA:81,0
DA:83,0
DA:84,0
DA:85,0
DA:88,0
DA:89,0
DA:90,0
DA:92,0
DA:93,0
DA:94,0
DA:100,0
DA:103,0
DA:104,0
DA:108,0
DA:109,0
DA:110,0
DA:111,0
DA:112,0
DA:114,0
DA:115,0
DA:116,0
DA:119,0
DA:120,0
DA:121,0
DA:123,0
DA:124,0
DA:130,0
DA:132,0
DA:135,0
DA:136,0
DA:140,0
LF:64
LH:0
BRDA:31,0,0,0
BRDA:32,1,0,0
BRDA:32,2,0,0
BRDA:32,2,1,0
BRDA:38,3,0,0
BRDA:49,4,0,0
BRDA:51,5,0,0
BRDA:51,6,0,0
BRDA:51,6,1,0
BRDA:60,7,0,0
BRDA:60,7,1,0
BRDA:60,8,0,0
BRDA:60,8,1,0
BRDA:81,9,0,0
BRDA:83,10,0,0
BRDA:83,11,0,0
BRDA:83,11,1,0
BRDA:83,11,2,0
BRDA:83,11,3,0
BRDA:92,12,0,0
BRDA:92,12,1,0
BRDA:92,13,0,0
BRDA:92,13,1,0
BRDA:112,14,0,0
BRDA:114,15,0,0
BRDA:123,16,0,0
BRDA:123,16,1,0
BRDA:127,17,0,0
BRDA:127,17,1,0
BRDA:128,18,0,0
BRDA:128,18,1,0
BRF:31
BRH:0
end_of_record
TN:
SF:src/routes/hubs.ts
FN:10,getHubId
FN:15,(anonymous_1)
FN:29,(anonymous_2)
FN:70,(anonymous_3)
FN:121,(anonymous_4)
FNF:5
FNH:0
FNDA:0,getHubId
FNDA:0,(anonymous_1)
FNDA:0,(anonymous_2)
FNDA:0,(anonymous_3)
FNDA:0,(anonymous_4)
DA:1,0
DA:2,0
DA:4,0
DA:6,0
DA:11,0
DA:12,0
DA:15,0
DA:16,0
DA:17,0
DA:22,0
DA:24,0
DA:25,0
DA:29,0
DA:30,0
DA:31,0
DA:33,0
DA:34,0
DA:37,0
DA:40,0
DA:41,0
DA:42,0
DA:43,0
DA:46,0
DA:47,0
DA:48,0
DA:49,0
DA:52,0
DA:63,0
DA:65,0
DA:66,0
DA:70,0
DA:71,0
DA:72,0
DA:73,0
DA:74,0
DA:75,0
DA:78,0
DA:80,0
DA:81,0
DA:82,0
DA:83,0
DA:86,0
DA:87,0
DA:88,0
DA:89,0
DA:90,0
DA:94,0
DA:95,0
DA:96,0
DA:97,0
DA:98,0
DA:102,0
DA:114,0
DA:116,0
DA:117,0
DA:121,0
DA:122,0
DA:123,0
DA:124,0
DA:125,0
DA:126,0
DA:129,0
DA:136,0
DA:137,0
DA:138,0
DA:141,0
DA:142,0
DA:145,0
DA:148,0
DA:150,0
DA:152,0
DA:153,0
DA:157,0
LF:73
LH:0
BRDA:12,0,0,0
BRDA:12,0,1,0
BRDA:33,1,0,0
BRDA:33,2,0,0
BRDA:33,2,1,0
BRDA:33,2,2,0
BRDA:33,2,3,0
BRDA:41,3,0,0
BRDA:47,4,0,0
BRDA:58,5,0,0
BRDA:58,5,1,0
BRDA:73,6,0,0
BRDA:81,7,0,0
BRDA:86,8,0,0
BRDA:86,9,0,0
BRDA:86,9,1,0
BRDA:88,10,0,0
BRDA:94,11,0,0
BRDA:96,12,0,0
BRDA:105,13,0,0
BRDA:105,13,1,0
BRDA:106,14,0,0
BRDA:106,14,1,0
BRDA:107,15,0,0
BRDA:107,15,1,0
BRDA:108,16,0,0
BRDA:108,16,1,0
BRDA:109,17,0,0
BRDA:109,17,1,0
BRDA:124,18,0,0
BRDA:136,19,0,0
BRDA:141,20,0,0
BRDA:141,21,0,0
BRDA:141,21,1,0
BRF:34
BRH:0
end_of_record
TN:
SF:src/routes/manifest.ts
FN:39,generateStopId
FN:43,getParamString
FN:49,formatOrderForScan
FN:93,(anonymous_4)
FN:162,(anonymous_5)
FN:179,(anonymous_6)
FN:209,(anonymous_7)
FN:255,(anonymous_8)
FN:309,(anonymous_9)
FN:332,(anonymous_10)
FN:336,(anonymous_11)
FN:347,(anonymous_12)
FN:351,(anonymous_13)
FN:361,(anonymous_14)
FN:374,(anonymous_15)
FN:389,(anonymous_16)
FN:410,(anonymous_17)
FN:471,(anonymous_18)
FN:509,(anonymous_19)
FN:551,(anonymous_20)
FN:595,(anonymous_21)
FN:597,(anonymous_22)
FN:619,(anonymous_23)
FNF:23
FNH:0
FNDA:0,generateStopId
FNDA:0,getParamString
FNDA:0,formatOrderForScan
FNDA:0,(anonymous_4)
FNDA:0,(anonymous_5)
FNDA:0,(anonymous_6)
FNDA:0,(anonymous_7)
FNDA:0,(anonymous_8)
FNDA:0,(anonymous_9)
FNDA:0,(anonymous_10)
FNDA:0,(anonymous_11)
FNDA:0,(anonymous_12)
FNDA:0,(anonymous_13)
FNDA:0,(anonymous_14)
FNDA:0,(anonymous_15)
FNDA:0,(anonymous_16)
FNDA:0,(anonymous_17)
FNDA:0,(anonymous_18)
FNDA:0,(anonymous_19)
FNDA:0,(anonymous_20)
FNDA:0,(anonymous_21)
FNDA:0,(anonymous_22)
FNDA:0,(anonymous_23)
DA:1,0
DA:2,0
DA:7,0
DA:8,0
DA:9,0
DA:11,0
DA:13,0
DA:19,0
DA:40,0
DA:44,0
DA:45,0
DA:46,0
DA:67,0
DA:93,0
DA:94,0
DA:95,0
DA:96,0
DA:97,0
DA:98,0
DA:101,0
DA:102,0
DA:104,0
DA:109,0
DA:116,0
DA:118,0
DA:119,0
DA:120,0
DA:124,0
DA:126,0
DA:127,0
DA:129,0
DA:130,0
DA:141,0
DA:153,0
DA:158,0
DA:163,0
DA:168,0
DA:171,0
DA:172,0
DA:174,0
DA:175,0
DA:179,0
DA:180,0
DA:181,0
DA:182,0
DA:183,0
DA:184,0
DA:187,0
DA:202,0
DA:204,0
DA:205,0
DA:209,0
DA:210,0
DA:211,0
DA:212,0
DA:213,0
DA:214,0
DA:215,0
DA:218,0
DA:224,0
DA:229,0
DA:230,0
DA:233,0
DA:245,0
DA:250,0
DA:251,0
DA:255,0
DA:256,0
DA:257,0
DA:258,0
DA:259,0
DA:260,0
DA:263,0
DA:264,0
DA:265,0
DA:266,0
DA:269,0
DA:276,0
DA:277,0
DA:280,0
DA:283,0
DA:284,0
DA:289,0
DA:293,0
DA:294,0
DA:295,0
DA:299,0
DA:302,0
DA:304,0
DA:305,0
DA:309,0
DA:310,0
DA:311,0
DA:312,0
DA:313,0
DA:314,0
DA:317,0
DA:318,0
DA:319,0
DA:320,0
DA:323,0
DA:327,0
DA:328,0
DA:329,0
DA:332,0
DA:333,0
DA:334,0
DA:336,0
DA:341,0
DA:345,0
DA:346,0
DA:347,0
DA:348,0
DA:349,0
DA:351,0
DA:353,0
DA:357,0
DA:358,0
DA:359,0
DA:361,0
DA:362,0
DA:374,0
DA:386,0
DA:388,0
DA:389,0
DA:396,0
DA:402,0
DA:403,0
DA:405,0
DA:406,0
DA:410,0
DA:411,0
DA:412,0
DA:413,0
DA:414,0
DA:415,0
DA:418,0
DA:419,0
DA:420,0
DA:421,0
DA:424,0
DA:428,0
DA:429,0
DA:430,0
DA:432,0
DA:433,0
DA:434,0
DA:435,0
DA:440,0
DA:441,0
DA:442,0
DA:450,0
DA:453,0
DA:460,0
DA:466,0
DA:467,0
DA:471,0
DA:472,0
DA:473,0
DA:474,0
DA:475,0
DA:476,0
DA:479,0
DA:497,0
DA:498,0
DA:499,0
DA:502,0
DA:504,0
DA:505,0
DA:509,0
DA:510,0
DA:511,0
DA:512,0
DA:513,0
DA:514,0
DA:517,0
DA:518,0
DA:519,0
DA:520,0
DA:523,0
DA:528,0
DA:529,0
DA:530,0
DA:533,0
DA:534,0
DA:535,0
DA:538,0
DA:539,0
DA:540,0
DA:541,0
DA:544,0
DA:545,0
DA:546,0
DA:549,0
DA:551,0
DA:552,0
DA:560,0
DA:562,0
DA:567,0
DA:568,0
DA:571,0
DA:576,0
DA:579,0
DA:585,0
DA:590,0
DA:595,0
DA:598,0
DA:606,0
DA:612,0
DA:614,0
DA:615,0
DA:619,0
DA:620,0
DA:621,0
DA:622,0
DA:623,0
DA:624,0
DA:627,0
DA:628,0
DA:629,0
DA:631,0
DA:640,0
DA:641,0
DA:642,0
DA:645,0
DA:647,0
DA:648,0
DA:652,0
LF:228
LH:0
BRDA:44,0,0,0
BRDA:45,1,0,0
BRDA:45,2,0,0
BRDA:45,2,1,0
BRDA:96,3,0,0
BRDA:126,4,0,0
BRDA:127,5,0,0
BRDA:129,6,0,0
BRDA:182,7,0,0
BRDA:213,8,0,0
BRDA:213,9,0,0
BRDA:213,9,1,0
BRDA:218,10,0,0
BRDA:218,10,1,0
BRDA:229,11,0,0
BRDA:258,12,0,0
BRDA:264,13,0,0
BRDA:276,14,0,0
BRDA:283,15,0,0
BRDA:294,16,0,0
BRDA:294,17,0,0
BRDA:294,17,1,0
BRDA:312,18,0,0
BRDA:318,19,0,0
BRDA:318,20,0,0
BRDA:318,20,1,0
BRDA:327,21,0,0
BRDA:333,22,0,0
BRDA:346,23,0,0
BRDA:348,24,0,0
BRDA:379,25,0,0
BRDA:379,25,1,0
BRDA:413,26,0,0
BRDA:419,27,0,0
BRDA:430,28,0,0
BRDA:440,29,0,0
BRDA:440,30,0,0
BRDA:440,30,1,0
BRDA:474,31,0,0
BRDA:497,32,0,0
BRDA:512,33,0,0
BRDA:518,34,0,0
BRDA:528,35,0,0
BRDA:533,36,0,0
BRDA:539,37,0,0
BRDA:544,38,0,0
BRDA:571,39,0,0
BRDA:572,40,0,0
BRDA:572,40,1,0
BRDA:572,40,2,0
BRDA:600,41,0,0
BRDA:600,41,1,0
BRDA:622,42,0,0
BRDA:640,43,0,0
BRF:54
BRH:0
end_of_record
TN:
SF:src/routes/notifications.ts
FN:7,(anonymous_1)
FN:33,(anonymous_2)
FN:52,(anonymous_3)
FN:87,(anonymous_4)
FNF:4
FNH:0
FNDA:0,(anonymous_1)
FNDA:0,(anonymous_2)
FNDA:0,(anonymous_3)
FNDA:0,(anonymous_4)
DA:1,0
DA:2,0
DA:3,0
DA:5,0
DA:7,0
DA:8,0
DA:9,0
DA:10,0
DA:11,0
DA:12,0
DA:15,0
DA:17,0
DA:26,0
DA:28,0
DA:29,0
DA:33,0
DA:34,0
DA:35,0
DA:36,0
DA:37,0
DA:38,0
DA:41,0
DA:45,0
DA:47,0
DA:48,0
DA:52,0
DA:53,0
DA:54,0
DA:55,0
DA:56,0
DA:57,0
DA:60,0
DA:61,0
DA:62,0
DA:63,0
DA:66,0
DA:70,0
DA:71,0
DA:72,0
DA:75,0
DA:80,0
DA:82,0
DA:83,0
DA:87,0
DA:88,0
DA:89,0
DA:90,0
DA:91,0
DA:92,0
DA:95,0
DA:100,0
DA:102,0
DA:103,0
DA:107,0
LF:54
LH:0
BRDA:10,0,0,0
BRDA:20,1,0,0
BRDA:20,1,1,0
BRDA:36,2,0,0
BRDA:55,3,0,0
BRDA:60,4,0,0
BRDA:60,4,1,0
BRDA:61,5,0,0
BRDA:70,6,0,0
BRDA:90,7,0,0
BRF:10
BRH:0
end_of_record
TN:
SF:src/routes/rider-auth.ts
FN:38,generatePinVerifier
FN:46,(anonymous_2)
FN:146,(anonymous_3)
FN:198,(anonymous_4)
FN:239,(anonymous_5)
FNF:5
FNH:0
FNDA:0,generatePinVerifier
FNDA:0,(anonymous_2)
FNDA:0,(anonymous_3)
FNDA:0,(anonymous_4)
FNDA:0,(anonymous_5)
DA:1,0
DA:2,0
DA:3,0
DA:4,0
DA:5,0
DA:6,0
DA:8,0
DA:10,0
DA:39,0
DA:40,0
DA:41,0
DA:46,0
DA:47,0
DA:48,0
DA:49,0
DA:50,0
DA:52,0
DA:53,0
DA:54,0
DA:55,0
DA:58,0
DA:59,0
DA:61,0
DA:66,0
DA:67,0
DA:68,0
DA:69,0
DA:72,0
DA:79,0
DA:80,0
DA:81,0
DA:82,0
DA:83,0
DA:86,0
DA:87,0
DA:88,0
DA:89,0
DA:93,0
DA:94,0
DA:101,0
DA:102,0
DA:103,0
DA:106,0
DA:109,0
DA:113,0
DA:114,0
DA:119,0
DA:122,0
DA:129,0
DA:139,0
DA:140,0
DA:146,0
DA:147,0
DA:148,0
DA:149,0
DA:150,0
DA:151,0
DA:154,0
DA:157,0
DA:158,0
DA:159,0
DA:162,0
DA:165,0
DA:168,0
DA:171,0
DA:180,0
DA:185,0
DA:191,0
DA:192,0
DA:198,0
DA:199,0
DA:200,0
DA:201,0
DA:202,0
DA:203,0
DA:206,0
DA:207,0
DA:208,0
DA:209,0
DA:212,0
DA:217,0
DA:218,0
DA:219,0
DA:222,0
DA:223,0
DA:224,0
DA:225,0
DA:226,0
DA:229,0
DA:230,0
DA:232,0
DA:233,0
DA:239,0
DA:240,0
DA:241,0
DA:242,0
DA:243,0
DA:244,0
DA:247,0
DA:252,0
DA:253,0
DA:254,0
DA:257,0
DA:258,0
DA:259,0
DA:263,0
DA:264,0
DA:271,0
DA:272,0
DA:273,0
DA:276,0
DA:277,0
DA:283,0
DA:284,0
DA:288,0
LF:115
LH:0
BRDA:52,0,0,0
BRDA:52,1,0,0
BRDA:52,1,1,0
BRDA:66,2,0,0
BRDA:80,3,0,0
BRDA:86,4,0,0
BRDA:114,5,0,0
BRDA:149,6,0,0
BRDA:157,7,0,0
BRDA:157,8,0,0
BRDA:157,8,1,0
BRDA:201,9,0,0
BRDA:207,10,0,0
BRDA:217,11,0,0
BRDA:223,12,0,0
BRDA:242,13,0,0
BRDA:252,14,0,0
BRDA:257,15,0,0
BRF:18
BRH:0
end_of_record
TN:
SF:src/routes/route.ts
FN:17,parseGeoPoint
FN:41,findManifestByParam
FN:49,countTerminalStops
FN:58,(anonymous_4)
FN:94,(anonymous_5)
FN:108,(anonymous_6)
FN:114,(anonymous_7)
FN:124,(anonymous_8)
FN:128,(anonymous_9)
FN:133,(anonymous_10)
FN:136,(anonymous_11)
FN:145,(anonymous_12)
FN:159,(anonymous_13)
FN:180,(anonymous_14)
FN:258,(anonymous_15)
FN:268,(anonymous_16)
FN:313,(anonymous_17)
FN:338,(anonymous_18)
FN:340,(anonymous_19)
FNF:19
FNH:0
FNDA:0,parseGeoPoint
FNDA:0,findManifestByParam
FNDA:0,countTerminalStops
FNDA:0,(anonymous_4)
FNDA:0,(anonymous_5)
FNDA:0,(anonymous_6)
FNDA:0,(anonymous_7)
FNDA:0,(anonymous_8)
FNDA:0,(anonymous_9)
FNDA:0,(anonymous_10)
FNDA:0,(anonymous_11)
FNDA:0,(anonymous_12)
FNDA:0,(anonymous_13)
FNDA:0,(anonymous_14)
FNDA:0,(anonymous_15)
FNDA:0,(anonymous_16)
FNDA:0,(anonymous_17)
FNDA:0,(anonymous_18)
FNDA:0,(anonymous_19)
DA:1,0
DA:2,0
DA:3,0
DA:4,0
DA:5,0
DA:7,0
DA:9,0
DA:11,0
DA:18,0
DA:19,0
DA:20,0
DA:21,0
DA:22,0
DA:23,0
DA:25,0
DA:28,0
DA:42,0
DA:50,0
DA:58,0
DA:59,0
DA:60,0
DA:61,0
DA:62,0
DA:64,0
DA:65,0
DA:66,0
DA:69,0
DA:70,0
DA:71,0
DA:72,0
DA:75,0
DA:84,0
DA:93,0
DA:94,0
DA:97,0
DA:99,0
DA:100,0
DA:101,0
DA:108,0
DA:113,0
DA:114,0
DA:117,0
DA:123,0
DA:124,0
DA:127,0
DA:128,0
DA:129,0
DA:133,0
DA:135,0
DA:136,0
DA:139,0
DA:144,0
DA:146,0
DA:147,0
DA:159,0
DA:161,0
DA:167,0
DA:175,0
DA:176,0
DA:180,0
DA:181,0
DA:182,0
DA:183,0
DA:185,0
DA:186,0
DA:187,0
DA:190,0
DA:191,0
DA:192,0
DA:195,0
DA:212,0
DA:223,0
DA:231,0
DA:232,0
DA:233,0
DA:234,0
DA:236,0
DA:238,0
DA:242,0
DA:250,0
DA:253,0
DA:254,0
DA:258,0
DA:259,0
DA:260,0
DA:261,0
DA:263,0
DA:264,0
DA:265,0
DA:268,0
DA:274,0
DA:290,0
DA:291,0
DA:294,0
DA:305,0
DA:306,0
DA:308,0
DA:309,0
DA:313,0
DA:314,0
DA:315,0
DA:317,0
DA:318,0
DA:319,0
DA:322,0
DA:323,0
DA:324,0
DA:325,0
DA:328,0
DA:330,0
DA:338,0
DA:340,0
DA:341,0
DA:342,0
DA:343,0
DA:349,0
DA:350,0
DA:351,0
DA:352,0
DA:354,0
DA:357,0
DA:358,0
DA:359,0
DA:362,0
DA:366,0
DA:367,0
DA:372,0
DA:373,0
DA:377,0
LF:129
LH:0
BRDA:18,0,0,0
BRDA:18,1,0,0
BRDA:18,1,1,0
BRDA:20,2,0,0
BRDA:20,2,1,0
BRDA:21,3,0,0
BRDA:21,3,1,0
BRDA:22,4,0,0
BRDA:22,5,0,0
BRDA:22,5,1,0
BRDA:64,6,0,0
BRDA:64,7,0,0
BRDA:64,7,1,0
BRDA:70,8,0,0
BRDA:99,9,0,0
BRDA:117,10,0,0
BRDA:117,10,1,0
BRDA:118,11,0,0
BRDA:118,11,1,0
BRDA:123,12,0,0
BRDA:123,12,1,0
BRDA:127,13,0,0
BRDA:127,13,1,0
BRDA:151,14,0,0
BRDA:151,14,1,0
BRDA:170,15,0,0
BRDA:170,15,1,0
BRDA:185,16,0,0
BRDA:190,17,0,0
BRDA:190,18,0,0
BRDA:190,18,1,0
BRDA:190,18,2,0
BRDA:190,18,3,0
BRDA:231,19,0,0
BRDA:231,19,1,0
BRDA:231,20,0,0
BRDA:231,20,1,0
BRDA:233,21,0,0
BRDA:233,21,1,0
BRDA:234,22,0,0
BRDA:234,22,1,0
BRDA:238,23,0,0
BRDA:238,23,1,0
BRDA:243,24,0,0
BRDA:243,24,1,0
BRDA:263,25,0,0
BRDA:268,26,0,0
BRDA:268,26,1,0
BRDA:290,27,0,0
BRDA:317,28,0,0
BRDA:317,29,0,0
BRDA:317,29,1,0
BRDA:317,29,2,0
BRDA:323,30,0,0
BRDA:352,31,0,0
BRDA:357,32,0,0
BRF:56
BRH:0
end_of_record
TN:
SF:src/routes/zones.ts
FN:11,getZoneId
FN:16,(anonymous_1)
FN:30,(anonymous_2)
FN:61,(anonymous_3)
FN:98,(anonymous_4)
FNF:5
FNH:0
FNDA:0,getZoneId
FNDA:0,(anonymous_1)
FNDA:0,(anonymous_2)
FNDA:0,(anonymous_3)
FNDA:0,(anonymous_4)
DA:1,0
DA:2,0
DA:4,0
DA:6,0
DA:12,0
DA:13,0
DA:16,0
DA:17,0
DA:18,0
DA:23,0
DA:25,0
DA:26,0
DA:30,0
DA:31,0
DA:32,0
DA:34,0
DA:35,0
DA:36,0
DA:39,0
DA:40,0
DA:41,0
DA:42,0
DA:45,0
DA:54,0
DA:56,0
DA:57,0
DA:61,0
DA:62,0
DA:63,0
DA:64,0
DA:65,0
DA:66,0
DA:69,0
DA:71,0
DA:72,0
DA:73,0
DA:74,0
DA:77,0
DA:78,0
DA:79,0
DA:80,0
DA:81,0
DA:85,0
DA:91,0
DA:93,0
DA:94,0
DA:98,0
DA:99,0
DA:100,0
DA:101,0
DA:102,0
DA:103,0
DA:106,0
DA:110,0
DA:111,0
DA:112,0
DA:115,0
DA:116,0
DA:119,0
DA:122,0
DA:124,0
DA:126,0
DA:127,0
DA:131,0
LF:64
LH:0
BRDA:13,0,0,0
BRDA:13,0,1,0
BRDA:34,1,0,0
BRDA:40,2,0,0
BRDA:64,3,0,0
BRDA:72,4,0,0
BRDA:77,5,0,0
BRDA:77,6,0,0
BRDA:77,6,1,0
BRDA:79,7,0,0
BRDA:87,8,0,0
BRDA:87,8,1,0
BRDA:101,9,0,0
BRDA:110,10,0,0
BRDA:115,11,0,0
BRF:15
BRH:0
end_of_record
TN:
SF:src/utils/geo.ts
FN:8,toRadians
FN:15,haversineMeters
FN:32,pathLength
FN:50,nearestNeighborOrder
FN:51,(anonymous_4)
FN:77,twoOptImprove
FN:115,optimizeStopOrder
FN:119,(anonymous_7)
FNF:8
FNH:0
FNDA:0,toRadians
FNDA:0,haversineMeters
FNDA:0,pathLength
FNDA:0,nearestNeighborOrder
FNDA:0,(anonymous_4)
FNDA:0,twoOptImprove
FNDA:0,optimizeStopOrder
FNDA:0,(anonymous_7)
DA:6,0
DA:9,0
DA:15,0
DA:16,0
DA:17,0
DA:18,0
DA:19,0
DA:21,0
DA:22,0
DA:24,0
DA:25,0
DA:37,0
DA:38,0
DA:39,0
DA:40,0
DA:41,0
DA:43,0
DA:51,0
DA:52,0
DA:53,0
DA:55,0
DA:56,0
DA:57,0
DA:58,0
DA:59,0
DA:60,0
DA:61,0
DA:62,0
DA:65,0
DA:66,0
DA:67,0
DA:70,0
DA:82,0
DA:84,0
DA:85,0
DA:87,0
DA:88,0
DA:89,0
DA:90,0
DA:91,0
DA:96,0
DA:100,0
DA:101,0
DA:107,0
DA:115,0
DA:119,0
DA:120,0
DA:121,0
LF:48
LH:0
BRDA:60,0,0,0
BRDA:82,1,0,0
BRDA:96,2,0,0
BRDA:119,3,0,0
BRF:4
BRH:0
end_of_record
